c:\users\filippo\downloads\lab8a_rozw\lab8a_rozw\debug\vc120.pdb
c:\users\filippo\downloads\lab8a_rozw\lab8a_rozw\debug\vc120.idb
c:\users\filippo\downloads\lab8a_rozw\lab8a_rozw\debug\common.obj
c:\users\filippo\downloads\lab8a_rozw\lab8a_rozw\debug\main.obj
c:\users\filippo\downloads\lab8a_rozw\lab8a_rozw\debug\globject.obj
c:\users\filippo\downloads\lab8a_rozw\lab8a_rozw\debug\scene.obj
e:\studia\gk\lab8a_rozw\lab8a_rozw\debug\vc120.pdb
e:\studia\gk\lab8a_rozw\lab8a_rozw\debug\vc120.idb
e:\studia\gk\lab8a_rozw\lab8a_rozw\debug\common.obj
e:\studia\gk\lab8a_rozw\lab8a_rozw\debug\main.obj
e:\studia\gk\lab8a_rozw\lab8a_rozw\debug\globject.obj
e:\studia\gk\lab8a_rozw\lab8a_rozw\debug\scene.obj
c:\users\filippo\downloads\lab8a_rozw\lab8a_rozw\debug\lab1.ilk
c:\users\filippo\downloads\lab8a_rozw\lab8a_rozw\debug\lab1.exe
c:\users\filippo\downloads\lab8a_rozw\lab8a_rozw\debug\lab1.pdb
e:\studia\gk\lab8a_rozw\lab8a_rozw\debug\lab1.ilk
e:\studia\gk\lab8a_rozw\lab8a_rozw\debug\lab1.exe
e:\studia\gk\lab8a_rozw\lab8a_rozw\debug\lab1.pdb
e:\studia\gk\lab8a_rozw\lab8a_rozw\debug\lab1.tlog\cl.command.1.tlog
e:\studia\gk\lab8a_rozw\lab8a_rozw\debug\lab1.tlog\cl.read.1.tlog
e:\studia\gk\lab8a_rozw\lab8a_rozw\debug\lab1.tlog\cl.write.1.tlog
e:\studia\gk\lab8a_rozw\lab8a_rozw\debug\lab1.tlog\link.command.1.tlog
e:\studia\gk\lab8a_rozw\lab8a_rozw\debug\lab1.tlog\link.read.1.tlog
e:\studia\gk\lab8a_rozw\lab8a_rozw\debug\lab1.tlog\link.write.1.tlog
